#
# There is insufficient memory for the Java Runtime Environment to continue.
# Native memory allocation (malloc) failed to allocate 563456 bytes for Chunk::new
# Possible reasons:
#   The system is out of physical RAM or swap space
#   The process is running with CompressedOops enabled, and the Java Heap may be blocking the growth of the native heap
# Possible solutions:
#   Reduce memory load on the system
#   Increase physical memory or swap space
#   Check if swap backing store is full
#   Decrease Java heap size (-Xmx/-Xms)
#   Decrease number of Java threads
#   Decrease Java thread stack sizes (-Xss)
#   Set larger code cache with -XX:ReservedCodeCacheSize=
#   JVM is running with Zero Based Compressed Oops mode in which the Java heap is
#     placed in the first 32GB address space. The Java Heap base address is the
#     maximum limit for the native heap growth. Please use -XX:HeapBaseMinAddress
#     to set the Java Heap base and to place the Java Heap above 32GB virtual address.
# This output file may be truncated or incomplete.
#
#  Out of Memory Error (arena.cpp:195), pid=8156, tid=10604
#
# JRE version: Java(TM) SE Runtime Environment (16.0.2+7) (build 16.0.2+7-67)
# Java VM: Java HotSpot(TM) 64-Bit Server VM (16.0.2+7-67, mixed mode, sharing, tiered, compressed oops, compressed class ptrs, g1 gc, windows-amd64)
# No core dump will be written. Minidumps are not enabled by default on client versions of Windows
#

---------------  S U M M A R Y ------------

Command Line: -Dmaven.multiModuleProjectDirectory=C:\Users\jheyw\OneDrive\Documentos\CorreccionesProyectoDeGrado\backend\APIAppDialisis -Djansi.passthrough=true -Dmaven.home=C:\Users\jheyw\.m2\wrapper\dists\apache-maven-3.8.6-bin\1ks0nkde5v1pk9vtc31i9d0lcd\apache-maven-3.8.6 -Dclassworlds.conf=C:\Users\jheyw\.m2\wrapper\dists\apache-maven-3.8.6-bin\1ks0nkde5v1pk9vtc31i9d0lcd\apache-maven-3.8.6\bin\m2.conf -Dmaven.ext.class.path=C:\Program Files\JetBrains\IntelliJ IDEA Community Edition 2022.3.1\plugins\maven\lib\maven-event-listener.jar -javaagent:C:\Program Files\JetBrains\IntelliJ IDEA Community Edition 2022.3.1\lib\idea_rt.jar=63782:C:\Program Files\JetBrains\IntelliJ IDEA Community Edition 2022.3.1\bin -Dfile.encoding=UTF-8 org.codehaus.classworlds.Launcher -Didea.version=2022.3.1 org.springframework.boot:spring-boot-maven-plugin:2.5.8:run

Host: Intel(R) Core(TM) i3-1005G1 CPU @ 1.20GHz, 4 cores, 11G,  Windows 10 , 64 bit Build 22621 (10.0.22621.2506)
Time: Tue Feb  6 16:27:31 2024 Hora est. Pacífico, Sudamérica elapsed time: 1.774051 seconds (0d 0h 0m 1s)

---------------  T H R E A D  ---------------

Current thread (0x000002d789ed9870):  JavaThread "C2 CompilerThread1" daemon [_thread_in_native, id=10604, stack(0x000000ecc5000000,0x000000ecc5100000)]


Current CompileTask:
C2:   1774 1869   !   4       java.net.URL::<init> (543 bytes)

Stack: [0x000000ecc5000000,0x000000ecc5100000]
Native frames: (J=compiled Java code, j=interpreted, Vv=VM code, C=native code)
V  [jvm.dll+0x6681ca]
V  [jvm.dll+0x7c9e69]
V  [jvm.dll+0x7cb61e]
V  [jvm.dll+0x7cbc73]
V  [jvm.dll+0x242c55]
V  [jvm.dll+0xadeba]
V  [jvm.dll+0xae45c]
V  [jvm.dll+0x2a4cdf]
V  [jvm.dll+0x573c29]
V  [jvm.dll+0x21e48e]
V  [jvm.dll+0x21789c]
V  [jvm.dll+0x214ffc]
V  [jvm.dll+0x1a1beb]
V  [jvm.dll+0x225158]
V  [jvm.dll+0x22319c]
V  [jvm.dll+0x77fa62]
V  [jvm.dll+0x7795aa]
V  [jvm.dll+0x667066]
C  [ucrtbase.dll+0x29363]
C  [KERNEL32.DLL+0x1257d]
C  [ntdll.dll+0x5aa58]


---------------  P R O C E S S  ---------------

Threads class SMR info:
_java_thread_list=0x000002d789fce8b0, length=14, elements={
0x000002d7e8aff1b0, 0x000002d7888076b0, 0x000002d788808610, 0x000002d7888146f0,
0x000002d788817200, 0x000002d788819c10, 0x000002d78881c620, 0x000002d788825410,
0x000002d788853bf0, 0x000002d789428030, 0x000002d7894b7680, 0x000002d789639690,
0x000002d789639bb0, 0x000002d789ed9870
}

Java Threads: ( => current thread )
  0x000002d7e8aff1b0 JavaThread "main" [_thread_in_Java, id=12068, stack(0x000000ecc3800000,0x000000ecc3900000)]
  0x000002d7888076b0 JavaThread "Reference Handler" daemon [_thread_blocked, id=18948, stack(0x000000ecc3f00000,0x000000ecc4000000)]
  0x000002d788808610 JavaThread "Finalizer" daemon [_thread_blocked, id=11816, stack(0x000000ecc4000000,0x000000ecc4100000)]
  0x000002d7888146f0 JavaThread "Signal Dispatcher" daemon [_thread_blocked, id=15032, stack(0x000000ecc4100000,0x000000ecc4200000)]
  0x000002d788817200 JavaThread "Attach Listener" daemon [_thread_blocked, id=13592, stack(0x000000ecc4200000,0x000000ecc4300000)]
  0x000002d788819c10 JavaThread "Service Thread" daemon [_thread_blocked, id=2084, stack(0x000000ecc4300000,0x000000ecc4400000)]
  0x000002d78881c620 JavaThread "Monitor Deflation Thread" daemon [_thread_blocked, id=18924, stack(0x000000ecc4400000,0x000000ecc4500000)]
  0x000002d788825410 JavaThread "C2 CompilerThread0" daemon [_thread_in_vm, id=19124, stack(0x000000ecc4500000,0x000000ecc4600000)]
  0x000002d788853bf0 JavaThread "C1 CompilerThread0" daemon [_thread_in_native, id=11152, stack(0x000000ecc4600000,0x000000ecc4700000)]
  0x000002d789428030 JavaThread "Sweeper thread" daemon [_thread_blocked, id=17908, stack(0x000000ecc4700000,0x000000ecc4800000)]
  0x000002d7894b7680 JavaThread "Common-Cleaner" daemon [_thread_blocked, id=18792, stack(0x000000ecc4800000,0x000000ecc4900000)]
  0x000002d789639690 JavaThread "Monitor Ctrl-Break" daemon [_thread_in_native, id=14232, stack(0x000000ecc4900000,0x000000ecc4a00000)]
  0x000002d789639bb0 JavaThread "Notification Thread" daemon [_thread_blocked, id=16296, stack(0x000000ecc4a00000,0x000000ecc4b00000)]
=>0x000002d789ed9870 JavaThread "C2 CompilerThread1" daemon [_thread_in_native, id=10604, stack(0x000000ecc5000000,0x000000ecc5100000)]

Other Threads:
  0x000002d788802bc0 VMThread "VM Thread" [stack: 0x000000ecc3e00000,0x000000ecc3f00000] [id=14672]
  0x000002d78963d180 WatcherThread [stack: 0x000000ecc4b00000,0x000000ecc4c00000] [id=18244]
  0x000002d7e8b41030 GCTaskThread "GC Thread#0" [stack: 0x000000ecc3900000,0x000000ecc3a00000] [id=16484]
  0x000002d789925240 GCTaskThread "GC Thread#1" [stack: 0x000000ecc4c00000,0x000000ecc4d00000] [id=12276]
  0x000002d789c8bf30 GCTaskThread "GC Thread#2" [stack: 0x000000ecc4d00000,0x000000ecc4e00000] [id=15960]
  0x000002d7899da690 GCTaskThread "GC Thread#3" [stack: 0x000000ecc4e00000,0x000000ecc4f00000] [id=11044]
  0x000002d7e8b4de50 ConcurrentGCThread "G1 Main Marker" [stack: 0x000000ecc3a00000,0x000000ecc3b00000] [id=19724]
  0x000002d7e8b4e940 ConcurrentGCThread "G1 Conc#0" [stack: 0x000000ecc3b00000,0x000000ecc3c00000] [id=8468]
  0x000002d7e8bb8a20 ConcurrentGCThread "G1 Refine#0" [stack: 0x000000ecc3c00000,0x000000ecc3d00000] [id=5992]
  0x000002d789fd5af0 ConcurrentGCThread "G1 Refine#1" [stack: 0x000000ecc4f00000,0x000000ecc5000000] [id=10196]
  0x000002d7e8bb94a0 ConcurrentGCThread "G1 Service" [stack: 0x000000ecc3d00000,0x000000ecc3e00000] [id=4748]

Threads with active compile tasks:
C2 CompilerThread0     1821 2008       4       org.eclipse.sisu.inject.InjectorBindings::isAssignableFrom (28 bytes)
C2 CompilerThread1     1821 1869   !   4       java.net.URL::<init> (543 bytes)

VM state: not at safepoint (normal execution)

VM Mutex/Monitor currently owned by a thread: None

Heap address: 0x0000000743200000, size: 3022 MB, Compressed Oops mode: Zero based, Oop shift amount: 3

CDS archive(s) mapped at: [0x0000000800000000-0x0000000800bb0000-0x0000000800bb0000), size 12255232, SharedBaseAddress: 0x0000000800000000, ArchiveRelocationMode: 0.
Compressed class space mapped at: 0x0000000800c00000-0x0000000840c00000, reserved size: 1073741824
Narrow klass base: 0x0000000800000000, Narrow klass shift: 3, Narrow klass range: 0x100000000

GC Precious Log:
 CPUs: 4 total, 4 available
 Memory: 12083M
 Large Page Support: Disabled
 NUMA Support: Disabled
 Compressed Oops: Enabled (Zero based)
 Heap Region Size: 2M
 Heap Min Capacity: 8M
 Heap Initial Capacity: 190M
 Heap Max Capacity: 3022M
 Pre-touch: Disabled
 Parallel Workers: 4
 Concurrent Workers: 1
 Concurrent Refinement Workers: 4
 Periodic GC: Disabled

Heap:
 garbage-first heap   total 194560K, used 13576K [0x0000000743200000, 0x0000000800000000)
  region size 2048K, 7 young (14336K), 2 survivors (4096K)
 Metaspace       used 11107K, committed 11264K, reserved 1064960K
  class space    used 1315K, committed 1408K, reserved 1048576K

Heap Regions: E=young(eden), S=young(survivor), O=old, HS=humongous(starts), HC=humongous(continues), CS=collection set, F=free, OA=open archive, CA=closed archive, TAMS=top-at-mark-start (previous, next)
|   0|0x0000000743200000, 0x0000000743400000, 0x0000000743400000|100%| O|  |TAMS 0x0000000743200000, 0x0000000743200000| Untracked 
|   1|0x0000000743400000, 0x0000000743524600, 0x0000000743600000| 57%| O|  |TAMS 0x0000000743400000, 0x0000000743400000| Untracked 
|   2|0x0000000743600000, 0x0000000743600000, 0x0000000743800000|  0%| F|  |TAMS 0x0000000743600000, 0x0000000743600000| Untracked 
|   3|0x0000000743800000, 0x0000000743800000, 0x0000000743a00000|  0%| F|  |TAMS 0x0000000743800000, 0x0000000743800000| Untracked 
|   4|0x0000000743a00000, 0x0000000743a00000, 0x0000000743c00000|  0%| F|  |TAMS 0x0000000743a00000, 0x0000000743a00000| Untracked 
|   5|0x0000000743c00000, 0x0000000743c00000, 0x0000000743e00000|  0%| F|  |TAMS 0x0000000743c00000, 0x0000000743c00000| Untracked 
|   6|0x0000000743e00000, 0x0000000743e00000, 0x0000000744000000|  0%| F|  |TAMS 0x0000000743e00000, 0x0000000743e00000| Untracked 
|   7|0x0000000744000000, 0x0000000744000000, 0x0000000744200000|  0%| F|  |TAMS 0x0000000744000000, 0x0000000744000000| Untracked 
|   8|0x0000000744200000, 0x0000000744200000, 0x0000000744400000|  0%| F|  |TAMS 0x0000000744200000, 0x0000000744200000| Untracked 
|   9|0x0000000744400000, 0x0000000744400000, 0x0000000744600000|  0%| F|  |TAMS 0x0000000744400000, 0x0000000744400000| Untracked 
|  10|0x0000000744600000, 0x0000000744600000, 0x0000000744800000|  0%| F|  |TAMS 0x0000000744600000, 0x0000000744600000| Untracked 
|  11|0x0000000744800000, 0x0000000744800000, 0x0000000744a00000|  0%| F|  |TAMS 0x0000000744800000, 0x0000000744800000| Untracked 
|  12|0x0000000744a00000, 0x0000000744a00000, 0x0000000744c00000|  0%| F|  |TAMS 0x0000000744a00000, 0x0000000744a00000| Untracked 
|  13|0x0000000744c00000, 0x0000000744c00000, 0x0000000744e00000|  0%| F|  |TAMS 0x0000000744c00000, 0x0000000744c00000| Untracked 
|  14|0x0000000744e00000, 0x0000000744e00000, 0x0000000745000000|  0%| F|  |TAMS 0x0000000744e00000, 0x0000000744e00000| Untracked 
|  15|0x0000000745000000, 0x0000000745000000, 0x0000000745200000|  0%| F|  |TAMS 0x0000000745000000, 0x0000000745000000| Untracked 
|  16|0x0000000745200000, 0x0000000745200000, 0x0000000745400000|  0%| F|  |TAMS 0x0000000745200000, 0x0000000745200000| Untracked 
|  17|0x0000000745400000, 0x0000000745400000, 0x0000000745600000|  0%| F|  |TAMS 0x0000000745400000, 0x0000000745400000| Untracked 
|  18|0x0000000745600000, 0x0000000745600000, 0x0000000745800000|  0%| F|  |TAMS 0x0000000745600000, 0x0000000745600000| Untracked 
|  19|0x0000000745800000, 0x0000000745800000, 0x0000000745a00000|  0%| F|  |TAMS 0x0000000745800000, 0x0000000745800000| Untracked 
|  20|0x0000000745a00000, 0x0000000745a00000, 0x0000000745c00000|  0%| F|  |TAMS 0x0000000745a00000, 0x0000000745a00000| Untracked 
|  21|0x0000000745c00000, 0x0000000745c00000, 0x0000000745e00000|  0%| F|  |TAMS 0x0000000745c00000, 0x0000000745c00000| Untracked 
|  22|0x0000000745e00000, 0x0000000745e00000, 0x0000000746000000|  0%| F|  |TAMS 0x0000000745e00000, 0x0000000745e00000| Untracked 
|  23|0x0000000746000000, 0x0000000746000000, 0x0000000746200000|  0%| F|  |TAMS 0x0000000746000000, 0x0000000746000000| Untracked 
|  24|0x0000000746200000, 0x0000000746200000, 0x0000000746400000|  0%| F|  |TAMS 0x0000000746200000, 0x0000000746200000| Untracked 
|  25|0x0000000746400000, 0x0000000746400000, 0x0000000746600000|  0%| F|  |TAMS 0x0000000746400000, 0x0000000746400000| Untracked 
|  26|0x0000000746600000, 0x0000000746600000, 0x0000000746800000|  0%| F|  |TAMS 0x0000000746600000, 0x0000000746600000| Untracked 
|  27|0x0000000746800000, 0x0000000746800000, 0x0000000746a00000|  0%| F|  |TAMS 0x0000000746800000, 0x0000000746800000| Untracked 
|  28|0x0000000746a00000, 0x0000000746a00000, 0x0000000746c00000|  0%| F|  |TAMS 0x0000000746a00000, 0x0000000746a00000| Untracked 
|  29|0x0000000746c00000, 0x0000000746c00000, 0x0000000746e00000|  0%| F|  |TAMS 0x0000000746c00000, 0x0000000746c00000| Untracked 
|  30|0x0000000746e00000, 0x0000000746e00000, 0x0000000747000000|  0%| F|  |TAMS 0x0000000746e00000, 0x0000000746e00000| Untracked 
|  31|0x0000000747000000, 0x0000000747000000, 0x0000000747200000|  0%| F|  |TAMS 0x0000000747000000, 0x0000000747000000| Untracked 
|  32|0x0000000747200000, 0x0000000747200000, 0x0000000747400000|  0%| F|  |TAMS 0x0000000747200000, 0x0000000747200000| Untracked 
|  33|0x0000000747400000, 0x0000000747400000, 0x0000000747600000|  0%| F|  |TAMS 0x0000000747400000, 0x0000000747400000| Untracked 
|  34|0x0000000747600000, 0x0000000747600000, 0x0000000747800000|  0%| F|  |TAMS 0x0000000747600000, 0x0000000747600000| Untracked 
|  35|0x0000000747800000, 0x0000000747800000, 0x0000000747a00000|  0%| F|  |TAMS 0x0000000747800000, 0x0000000747800000| Untracked 
|  36|0x0000000747a00000, 0x0000000747a00000, 0x0000000747c00000|  0%| F|  |TAMS 0x0000000747a00000, 0x0000000747a00000| Untracked 
|  37|0x0000000747c00000, 0x0000000747c00000, 0x0000000747e00000|  0%| F|  |TAMS 0x0000000747c00000, 0x0000000747c00000| Untracked 
|  38|0x0000000747e00000, 0x0000000747e00000, 0x0000000748000000|  0%| F|  |TAMS 0x0000000747e00000, 0x0000000747e00000| Untracked 
|  39|0x0000000748000000, 0x0000000748000000, 0x0000000748200000|  0%| F|  |TAMS 0x0000000748000000, 0x0000000748000000| Untracked 
|  40|0x0000000748200000, 0x0000000748200000, 0x0000000748400000|  0%| F|  |TAMS 0x0000000748200000, 0x0000000748200000| Untracked 
|  41|0x0000000748400000, 0x0000000748400000, 0x0000000748600000|  0%| F|  |TAMS 0x0000000748400000, 0x0000000748400000| Untracked 
|  42|0x0000000748600000, 0x0000000748600000, 0x0000000748800000|  0%| F|  |TAMS 0x0000000748600000, 0x0000000748600000| Untracked 
|  43|0x0000000748800000, 0x0000000748800000, 0x0000000748a00000|  0%| F|  |TAMS 0x0000000748800000, 0x0000000748800000| Untracked 
|  44|0x0000000748a00000, 0x0000000748a00000, 0x0000000748c00000|  0%| F|  |TAMS 0x0000000748a00000, 0x0000000748a00000| Untracked 
|  45|0x0000000748c00000, 0x0000000748c00000, 0x0000000748e00000|  0%| F|  |TAMS 0x0000000748c00000, 0x0000000748c00000| Untracked 
|  46|0x0000000748e00000, 0x0000000748e00000, 0x0000000749000000|  0%| F|  |TAMS 0x0000000748e00000, 0x0000000748e00000| Untracked 
|  47|0x0000000749000000, 0x0000000749000000, 0x0000000749200000|  0%| F|  |TAMS 0x0000000749000000, 0x0000000749000000| Untracked 
|  48|0x0000000749200000, 0x0000000749200000, 0x0000000749400000|  0%| F|  |TAMS 0x0000000749200000, 0x0000000749200000| Untracked 
|  49|0x0000000749400000, 0x0000000749400000, 0x0000000749600000|  0%| F|  |TAMS 0x0000000749400000, 0x0000000749400000| Untracked 
|  50|0x0000000749600000, 0x0000000749600000, 0x0000000749800000|  0%| F|  |TAMS 0x0000000749600000, 0x0000000749600000| Untracked 
|  51|0x0000000749800000, 0x0000000749800000, 0x0000000749a00000|  0%| F|  |TAMS 0x0000000749800000, 0x0000000749800000| Untracked 
|  52|0x0000000749a00000, 0x0000000749a00000, 0x0000000749c00000|  0%| F|  |TAMS 0x0000000749a00000, 0x0000000749a00000| Untracked 
|  53|0x0000000749c00000, 0x0000000749c00000, 0x0000000749e00000|  0%| F|  |TAMS 0x0000000749c00000, 0x0000000749c00000| Untracked 
|  54|0x0000000749e00000, 0x0000000749e00000, 0x000000074a000000|  0%| F|  |TAMS 0x0000000749e00000, 0x0000000749e00000| Untracked 
|  55|0x000000074a000000, 0x000000074a000000, 0x000000074a200000|  0%| F|  |TAMS 0x000000074a000000, 0x000000074a000000| Untracked 
|  56|0x000000074a200000, 0x000000074a200000, 0x000000074a400000|  0%| F|  |TAMS 0x000000074a200000, 0x000000074a200000| Untracked 
|  57|0x000000074a400000, 0x000000074a400000, 0x000000074a600000|  0%| F|  |TAMS 0x000000074a400000, 0x000000074a400000| Untracked 
|  58|0x000000074a600000, 0x000000074a600000, 0x000000074a800000|  0%| F|  |TAMS 0x000000074a600000, 0x000000074a600000| Untracked 
|  59|0x000000074a800000, 0x000000074a800000, 0x000000074aa00000|  0%| F|  |TAMS 0x000000074a800000, 0x000000074a800000| Untracked 
|  60|0x000000074aa00000, 0x000000074aa00000, 0x000000074ac00000|  0%| F|  |TAMS 0x000000074aa00000, 0x000000074aa00000| Untracked 
|  61|0x000000074ac00000, 0x000000074ac00000, 0x000000074ae00000|  0%| F|  |TAMS 0x000000074ac00000, 0x000000074ac00000| Untracked 
|  62|0x000000074ae00000, 0x000000074ae00000, 0x000000074b000000|  0%| F|  |TAMS 0x000000074ae00000, 0x000000074ae00000| Untracked 
|  63|0x000000074b000000, 0x000000074b000000, 0x000000074b200000|  0%| F|  |TAMS 0x000000074b000000, 0x000000074b000000| Untracked 
|  64|0x000000074b200000, 0x000000074b200000, 0x000000074b400000|  0%| F|  |TAMS 0x000000074b200000, 0x000000074b200000| Untracked 
|  65|0x000000074b400000, 0x000000074b400000, 0x000000074b600000|  0%| F|  |TAMS 0x000000074b400000, 0x000000074b400000| Untracked 
|  66|0x000000074b600000, 0x000000074b600000, 0x000000074b800000|  0%| F|  |TAMS 0x000000074b600000, 0x000000074b600000| Untracked 
|  67|0x000000074b800000, 0x000000074b800000, 0x000000074ba00000|  0%| F|  |TAMS 0x000000074b800000, 0x000000074b800000| Untracked 
|  68|0x000000074ba00000, 0x000000074ba00000, 0x000000074bc00000|  0%| F|  |TAMS 0x000000074ba00000, 0x000000074ba00000| Untracked 
|  69|0x000000074bc00000, 0x000000074bc00000, 0x000000074be00000|  0%| F|  |TAMS 0x000000074bc00000, 0x000000074bc00000| Untracked 
|  70|0x000000074be00000, 0x000000074be00000, 0x000000074c000000|  0%| F|  |TAMS 0x000000074be00000, 0x000000074be00000| Untracked 
|  71|0x000000074c000000, 0x000000074c000000, 0x000000074c200000|  0%| F|  |TAMS 0x000000074c000000, 0x000000074c000000| Untracked 
|  72|0x000000074c200000, 0x000000074c200000, 0x000000074c400000|  0%| F|  |TAMS 0x000000074c200000, 0x000000074c200000| Untracked 
|  73|0x000000074c400000, 0x000000074c400000, 0x000000074c600000|  0%| F|  |TAMS 0x000000074c400000, 0x000000074c400000| Untracked 
|  74|0x000000074c600000, 0x000000074c600000, 0x000000074c800000|  0%| F|  |TAMS 0x000000074c600000, 0x000000074c600000| Untracked 
|  75|0x000000074c800000, 0x000000074c800000, 0x000000074ca00000|  0%| F|  |TAMS 0x000000074c800000, 0x000000074c800000| Untracked 
|  76|0x000000074ca00000, 0x000000074ca1db68, 0x000000074cc00000|  5%| S|CS|TAMS 0x000000074ca00000, 0x000000074ca00000| Complete 
|  77|0x000000074cc00000, 0x000000074ce00000, 0x000000074ce00000|100%| S|CS|TAMS 0x000000074cc00000, 0x000000074cc00000| Complete 
|  78|0x000000074ce00000, 0x000000074ce00000, 0x000000074d000000|  0%| F|  |TAMS 0x000000074ce00000, 0x000000074ce00000| Untracked 
|  79|0x000000074d000000, 0x000000074d000000, 0x000000074d200000|  0%| F|  |TAMS 0x000000074d000000, 0x000000074d000000| Untracked 
|  80|0x000000074d200000, 0x000000074d200000, 0x000000074d400000|  0%| F|  |TAMS 0x000000074d200000, 0x000000074d200000| Untracked 
|  81|0x000000074d400000, 0x000000074d400000, 0x000000074d600000|  0%| F|  |TAMS 0x000000074d400000, 0x000000074d400000| Untracked 
|  82|0x000000074d600000, 0x000000074d600000, 0x000000074d800000|  0%| F|  |TAMS 0x000000074d600000, 0x000000074d600000| Untracked 
|  83|0x000000074d800000, 0x000000074d800000, 0x000000074da00000|  0%| F|  |TAMS 0x000000074d800000, 0x000000074d800000| Untracked 
|  84|0x000000074da00000, 0x000000074da00000, 0x000000074dc00000|  0%| F|  |TAMS 0x000000074da00000, 0x000000074da00000| Untracked 
|  85|0x000000074dc00000, 0x000000074dc00000, 0x000000074de00000|  0%| F|  |TAMS 0x000000074dc00000, 0x000000074dc00000| Untracked 
|  86|0x000000074de00000, 0x000000074de00000, 0x000000074e000000|  0%| F|  |TAMS 0x000000074de00000, 0x000000074de00000| Untracked 
|  87|0x000000074e000000, 0x000000074e000000, 0x000000074e200000|  0%| F|  |TAMS 0x000000074e000000, 0x000000074e000000| Untracked 
|  88|0x000000074e200000, 0x000000074e200000, 0x000000074e400000|  0%| F|  |TAMS 0x000000074e200000, 0x000000074e200000| Untracked 
|  89|0x000000074e400000, 0x000000074e400000, 0x000000074e600000|  0%| F|  |TAMS 0x000000074e400000, 0x000000074e400000| Untracked 
|  90|0x000000074e600000, 0x000000074e700800, 0x000000074e800000| 50%| E|  |TAMS 0x000000074e600000, 0x000000074e600000| Complete 
|  91|0x000000074e800000, 0x000000074ea00000, 0x000000074ea00000|100%| E|CS|TAMS 0x000000074e800000, 0x000000074e800000| Complete 
|  92|0x000000074ea00000, 0x000000074ec00000, 0x000000074ec00000|100%| E|CS|TAMS 0x000000074ea00000, 0x000000074ea00000| Complete 
|  93|0x000000074ec00000, 0x000000074ee00000, 0x000000074ee00000|100%| E|CS|TAMS 0x000000074ec00000, 0x000000074ec00000| Complete 
|  94|0x000000074ee00000, 0x000000074f000000, 0x000000074f000000|100%| E|CS|TAMS 0x000000074ee00000, 0x000000074ee00000| Complete 

Card table byte_map: [0x000002d7ff860000,0x000002d7ffe50000] _byte_map_base: 0x000002d7fbe47000

Marking Bits (Prev, Next): (CMBitMap*) 0x000002d7e8b41720, (CMBitMap*) 0x000002d7e8b41760
 Prev Bits: [0x000002d7805f0000, 0x000002d783528000)
 Next Bits: [0x000002d783530000, 0x000002d786468000)

Polling page: 0x000002d7e6aa0000

Metaspace:

Usage:
  Non-class:      9.57 MB used.
      Class:      1.28 MB used.
       Both:     10.86 MB used.

Virtual space:
  Non-class space:       16.00 MB reserved,       9.62 MB ( 60%) committed,  2 nodes.
      Class space:        1.00 GB reserved,       1.38 MB ( <1%) committed,  1 nodes.
              Both:        1.02 GB reserved,      11.00 MB (  1%) committed. 

Chunk freelists:
   Non-Class:  1.38 MB
       Class:  2.58 MB
        Both:  3.95 MB

MaxMetaspaceSize: 17179869184.00 GB
CompressedClassSpaceSize: 1.00 GB
 - commit_granule_bytes: 65536.
 - commit_granule_words: 8192.
 - virtual_space_node_default_size: 1048576.
 - enlarge_chunks_in_place: 1.
 - new_chunks_are_fully_committed: 0.
 - uncommit_free_chunks: 1.
 - use_allocation_guard: 0.
 - handle_deallocations: 1.


Internal statistics:

num_allocs_failed_limit: 0.
num_arena_births: 44.
num_arena_deaths: 0.
num_vsnodes_births: 3.
num_vsnodes_deaths: 0.
num_space_committed: 176.
num_space_uncommitted: 0.
num_chunks_returned_to_freelist: 0.
num_chunks_taken_from_freelist: 381.
num_chunk_merges: 0.
num_chunk_splits: 280.
num_chunks_enlarged: 231.
num_purges: 0.

CodeHeap 'non-profiled nmethods': size=120000Kb used=781Kb max_used=781Kb free=119218Kb
 bounds [0x000002d7f7d40000, 0x000002d7f7fb0000, 0x000002d7ff270000]
CodeHeap 'profiled nmethods': size=120000Kb used=3915Kb max_used=3915Kb free=116084Kb
 bounds [0x000002d7f0810000, 0x000002d7f0bf0000, 0x000002d7f7d40000]
CodeHeap 'non-nmethods': size=5760Kb used=1193Kb max_used=1219Kb free=4566Kb
 bounds [0x000002d7f0270000, 0x000002d7f04e0000, 0x000002d7f0810000]
 total_blobs=2480 nmethods=2012 adapters=380
 compilation: enabled
              stopped_count=0, restarted_count=0
 full_count=0

Compilation events (20 events):
Event: 1.764 Thread 0x000002d788853bf0 1902       3       jdk.internal.reflect.MagicAccessorImpl::<init> (5 bytes)
Event: 1.764 Thread 0x000002d788853bf0 nmethod 1902 0x000002d7f0ba7790 code [0x000002d7f0ba7940, 0x000002d7f0ba7a98]
Event: 1.764 Thread 0x000002d788853bf0 1903       3       jdk.internal.reflect.ReflectionFactory::inflationThreshold (4 bytes)
Event: 1.764 Thread 0x000002d788853bf0 nmethod 1903 0x000002d7f0ba7b90 code [0x000002d7f0ba7d20, 0x000002d7f0ba7e18]
Event: 1.764 Thread 0x000002d788853bf0 1904       3       com.google.common.collect.AbstractMapBasedMultimap::get (31 bytes)
Event: 1.764 Thread 0x000002d788853bf0 nmethod 1904 0x000002d7f0ba7e90 code [0x000002d7f0ba8060, 0x000002d7f0ba8548]
Event: 1.764 Thread 0x000002d788853bf0 1905       3       com.google.common.collect.AbstractMapBasedMultimap$WrappedCollection::size (14 bytes)
Event: 1.765 Thread 0x000002d788853bf0 nmethod 1905 0x000002d7f0ba8690 code [0x000002d7f0ba8840, 0x000002d7f0ba8ad8]
Event: 1.765 Thread 0x000002d788825410 1906       4       com.google.inject.internal.MoreTypes::canonicalize (148 bytes)
Event: 1.765 Thread 0x000002d788853bf0 1907       1       com.google.inject.name.NamedImpl::annotationType (3 bytes)
Event: 1.766 Thread 0x000002d788853bf0 nmethod 1907 0x000002d7f7dfb810 code [0x000002d7f7dfb9a0, 0x000002d7f7dfba78]
Event: 1.768 Thread 0x000002d788853bf0 1909       3       java.lang.Class::createAnnotationData (195 bytes)
Event: 1.769 Thread 0x000002d788853bf0 nmethod 1909 0x000002d7f0ba8c10 code [0x000002d7f0ba8f80, 0x000002d7f0baa5b8]
Event: 1.769 Thread 0x000002d788853bf0 1910       3       java.lang.Class$Atomic::casAnnotationData (13 bytes)
Event: 1.769 Thread 0x000002d788853bf0 nmethod 1910 0x000002d7f0baad10 code [0x000002d7f0baaea0, 0x000002d7f0baaff8]
Event: 1.771 Thread 0x000002d788853bf0 1911       3       com.google.common.collect.LinkedHashMultimap$ValueEntry::matchesValue (25 bytes)
Event: 1.771 Thread 0x000002d788853bf0 nmethod 1911 0x000002d7f0bab090 code [0x000002d7f0bab260, 0x000002d7f0bab608]
Event: 1.771 Thread 0x000002d788853bf0 1912       3       com.google.inject.internal.InternalContext::pushState (7 bytes)
Event: 1.771 Thread 0x000002d788853bf0 nmethod 1912 0x000002d7f0bab710 code [0x000002d7f0bab8c0, 0x000002d7f0baba08]
Event: 1.772 Thread 0x000002d788853bf0 1913       3       java.util.TreeMap::setColor (10 bytes)

GC Heap History (6 events):
Event: 0.602 GC heap before
{Heap before GC invocations=0 (full 0):
 garbage-first heap   total 194560K, used 10240K [0x0000000743200000, 0x0000000800000000)
  region size 2048K, 6 young (12288K), 0 survivors (0K)
 Metaspace       used 3346K, committed 3584K, reserved 1056768K
  class space    used 316K, committed 448K, reserved 1048576K
}
Event: 0.608 GC heap after
{Heap after GC invocations=1 (full 0):
 garbage-first heap   total 194560K, used 3141K [0x0000000743200000, 0x0000000800000000)
  region size 2048K, 1 young (2048K), 1 survivors (2048K)
 Metaspace       used 3346K, committed 3584K, reserved 1056768K
  class space    used 316K, committed 448K, reserved 1048576K
}
Event: 0.830 GC heap before
{Heap before GC invocations=1 (full 0):
 garbage-first heap   total 194560K, used 13381K [0x0000000743200000, 0x0000000800000000)
  region size 2048K, 6 young (12288K), 1 survivors (2048K)
 Metaspace       used 5305K, committed 5440K, reserved 1056768K
  class space    used 590K, committed 640K, reserved 1048576K
}
Event: 0.833 GC heap after
{Heap after GC invocations=2 (full 0):
 garbage-first heap   total 194560K, used 3858K [0x0000000743200000, 0x0000000800000000)
  region size 2048K, 1 young (2048K), 1 survivors (2048K)
 Metaspace       used 5305K, committed 5440K, reserved 1056768K
  class space    used 590K, committed 640K, reserved 1048576K
}
Event: 1.573 GC heap before
{Heap before GC invocations=2 (full 0):
 garbage-first heap   total 194560K, used 36626K [0x0000000743200000, 0x0000000800000000)
  region size 2048K, 17 young (34816K), 1 survivors (2048K)
 Metaspace       used 9529K, committed 9728K, reserved 1064960K
  class space    used 1114K, committed 1216K, reserved 1048576K
}
Event: 1.576 GC heap after
{Heap after GC invocations=3 (full 0):
 garbage-first heap   total 194560K, used 5384K [0x0000000743200000, 0x0000000800000000)
  region size 2048K, 2 young (4096K), 2 survivors (4096K)
 Metaspace       used 9529K, committed 9728K, reserved 1064960K
  class space    used 1114K, committed 1216K, reserved 1048576K
}

Deoptimization events (20 events):
Event: 1.099 Thread 0x000002d7e8aff1b0 DEOPT PACKING pc=0x000002d7f08c5c00 sp=0x000000ecc38fcd80
Event: 1.099 Thread 0x000002d7e8aff1b0 DEOPT UNPACKING pc=0x000002d7f02be77e sp=0x000000ecc38fc1e0 mode 0
Event: 1.166 Thread 0x000002d7e8aff1b0 DEOPT PACKING pc=0x000002d7f0a536b4 sp=0x000000ecc38fda80
Event: 1.166 Thread 0x000002d7e8aff1b0 DEOPT UNPACKING pc=0x000002d7f02be77e sp=0x000000ecc38fcef0 mode 0
Event: 1.526 Thread 0x000002d7e8aff1b0 Uncommon trap: trap_request=0xffffffde fr.pc=0x000002d7f7de59b8 relative=0x0000000000000118
Event: 1.526 Thread 0x000002d7e8aff1b0 Uncommon trap: reason=class_check action=maybe_recompile pc=0x000002d7f7de59b8 method=jdk.internal.misc.Unsafe.allocateUninitializedArray(Ljava/lang/Class;I)Ljava/lang/Object; @ 51 c2
Event: 1.526 Thread 0x000002d7e8aff1b0 DEOPT PACKING pc=0x000002d7f7de59b8 sp=0x000000ecc38fcc60
Event: 1.526 Thread 0x000002d7e8aff1b0 DEOPT UNPACKING pc=0x000002d7f02bf92e sp=0x000000ecc38fcbe8 mode 2
Event: 1.526 Thread 0x000002d7e8aff1b0 Uncommon trap: trap_request=0xffffffde fr.pc=0x000002d7f7de59b8 relative=0x0000000000000118
Event: 1.526 Thread 0x000002d7e8aff1b0 Uncommon trap: reason=class_check action=maybe_recompile pc=0x000002d7f7de59b8 method=jdk.internal.misc.Unsafe.allocateUninitializedArray(Ljava/lang/Class;I)Ljava/lang/Object; @ 51 c2
Event: 1.526 Thread 0x000002d7e8aff1b0 DEOPT PACKING pc=0x000002d7f7de59b8 sp=0x000000ecc38fccc0
Event: 1.526 Thread 0x000002d7e8aff1b0 DEOPT UNPACKING pc=0x000002d7f02bf92e sp=0x000000ecc38fcc48 mode 2
Event: 1.526 Thread 0x000002d7e8aff1b0 Uncommon trap: trap_request=0xffffffde fr.pc=0x000002d7f7de59b8 relative=0x0000000000000118
Event: 1.526 Thread 0x000002d7e8aff1b0 Uncommon trap: reason=class_check action=maybe_recompile pc=0x000002d7f7de59b8 method=jdk.internal.misc.Unsafe.allocateUninitializedArray(Ljava/lang/Class;I)Ljava/lang/Object; @ 51 c2
Event: 1.526 Thread 0x000002d7e8aff1b0 DEOPT PACKING pc=0x000002d7f7de59b8 sp=0x000000ecc38fc9b0
Event: 1.526 Thread 0x000002d7e8aff1b0 DEOPT UNPACKING pc=0x000002d7f02bf92e sp=0x000000ecc38fc938 mode 2
Event: 1.527 Thread 0x000002d7e8aff1b0 Uncommon trap: trap_request=0xffffffde fr.pc=0x000002d7f7de59b8 relative=0x0000000000000118
Event: 1.527 Thread 0x000002d7e8aff1b0 Uncommon trap: reason=class_check action=maybe_recompile pc=0x000002d7f7de59b8 method=jdk.internal.misc.Unsafe.allocateUninitializedArray(Ljava/lang/Class;I)Ljava/lang/Object; @ 51 c2
Event: 1.527 Thread 0x000002d7e8aff1b0 DEOPT PACKING pc=0x000002d7f7de59b8 sp=0x000000ecc38fcbb0
Event: 1.527 Thread 0x000002d7e8aff1b0 DEOPT UNPACKING pc=0x000002d7f02bf92e sp=0x000000ecc38fcb38 mode 2

Classes unloaded (0 events):
No events

Classes redefined (0 events):
No events

Internal exceptions (8 events):
Event: 0.172 Thread 0x000002d789639690 Exception <a 'java/lang/NoSuchMethodError'{0x000000074eff58c0}: 'java.lang.Object java.lang.invoke.DirectMethodHandle$Holder.invokeStatic(java.lang.Object)'> (0x000000074eff58c0) 
thrown [t:\workspace\open\src\hotspot\share\interpreter\linkResolver.cpp, line 790]
Event: 0.173 Thread 0x000002d789639690 Exception <a 'java/lang/NoSuchMethodError'{0x000000074eff91d0}: 'java.lang.Object java.lang.invoke.DirectMethodHandle$Holder.invokeStaticInit(java.lang.Object)'> (0x000000074eff91d0) 
thrown [t:\workspace\open\src\hotspot\share\interpreter\linkResolver.cpp, line 790]
Event: 0.182 Thread 0x000002d789639690 Exception <a 'java/lang/NoSuchMethodError'{0x000000074ec078c0}: 'void java.lang.invoke.DirectMethodHandle$Holder.invokeStatic(java.lang.Object, java.lang.Object)'> (0x000000074ec078c0) 
thrown [t:\workspace\open\src\hotspot\share\interpreter\linkResolver.cpp, line 790]
Event: 0.279 Thread 0x000002d7e8aff1b0 Exception <a 'java/lang/NullPointerException'{0x000000074eac6658}> (0x000000074eac6658) 
thrown [t:\workspace\open\src\hotspot\share\interpreter\linkResolver.cpp, line 1385]
Event: 0.573 Thread 0x000002d7e8aff1b0 Exception <a 'java/lang/NoSuchMethodError'{0x000000074e52a9d0}: 'void java.lang.invoke.DirectMethodHandle$Holder.invokeSpecial(java.lang.Object, java.lang.Object, java.lang.Object)'> (0x000000074e52a9d0) 
thrown [t:\workspace\open\src\hotspot\share\interpreter\linkResolver.cpp, line 790]
Event: 0.728 Thread 0x000002d7e8aff1b0 Exception <a 'java/lang/NoSuchMethodError'{0x000000074ea9b4b8}: 'java.lang.Object java.lang.invoke.DirectMethodHandle$Holder.newInvokeSpecial(java.lang.Object, java.lang.Object, java.lang.Object, java.lang.Object, java.lang.Object)'> (0x000000074ea9b4b8) 
thrown [t:\workspace\open\src\hotspot\share\interpreter\linkResolver.cpp, line 790]
Event: 0.775 Thread 0x000002d7e8aff1b0 Exception <a 'java/lang/NoClassDefFoundError'{0x000000074e8256e8}: javax/enterprise/inject/Typed> (0x000000074e8256e8) 
thrown [t:\workspace\open\src\hotspot\share\classfile\systemDictionary.cpp, line 245]
Event: 1.733 Thread 0x000002d7e8aff1b0 Exception <a 'java/lang/NoClassDefFoundError'{0x000000074e866728}: com/google/inject/servlet/ServletModuleTargetVisitor> (0x000000074e866728) 
thrown [t:\workspace\open\src\hotspot\share\classfile\systemDictionary.cpp, line 245]

Events (20 events):
Event: 1.544 loading class sun/reflect/generics/repository/FieldRepository
Event: 1.544 loading class sun/reflect/generics/repository/FieldRepository done
Event: 1.569 Executing  VM operation: ICBufferFull
Event: 1.569 Executing  VM operation: ICBufferFull done
Event: 1.573 Executing  VM operation: G1CollectForAllocation
Event: 1.576 Executing  VM operation: G1CollectForAllocation done
Event: 1.622 Executing  VM operation: HandshakeAllThreads
Event: 1.622 Executing  VM operation: HandshakeAllThreads done
Event: 1.624 Executing  VM operation: HandshakeAllThreads
Event: 1.624 Executing  VM operation: HandshakeAllThreads done
Event: 1.674 loading class sun/reflect/generics/scope/MethodScope
Event: 1.674 loading class sun/reflect/generics/scope/MethodScope done
Event: 1.674 loading class sun/reflect/generics/repository/MethodRepository
Event: 1.674 loading class sun/reflect/generics/repository/MethodRepository done
Event: 1.705 loading class java/util/ConcurrentModificationException
Event: 1.705 loading class java/util/ConcurrentModificationException done
Event: 1.711 Executing  VM operation: HandshakeAllThreads
Event: 1.711 Executing  VM operation: HandshakeAllThreads done
Event: 1.715 loading class jdk/internal/reflect/UnsafeObjectFieldAccessorImpl
Event: 1.715 loading class jdk/internal/reflect/UnsafeObjectFieldAccessorImpl done


Dynamic libraries:
0x00007ff669600000 - 0x00007ff669610000 	C:\Program Files\Java\jdk-16.0.2\bin\java.exe
0x00007ffe04750000 - 0x00007ffe04967000 	C:\WINDOWS\SYSTEM32\ntdll.dll
0x00007ffe03ab0000 - 0x00007ffe03b74000 	C:\WINDOWS\System32\KERNEL32.DLL
0x00007ffe01c20000 - 0x00007ffe01fc6000 	C:\WINDOWS\System32\KERNELBASE.dll
0x00007ffe01a90000 - 0x00007ffe01ba1000 	C:\WINDOWS\System32\ucrtbase.dll
0x00007ffdf3310000 - 0x00007ffdf3328000 	C:\Program Files\Java\jdk-16.0.2\bin\jli.dll
0x00007ffde3ef0000 - 0x00007ffde3f09000 	C:\Program Files\Java\jdk-16.0.2\bin\VCRUNTIME140.dll
0x00007ffe02fe0000 - 0x00007ffe03093000 	C:\WINDOWS\System32\ADVAPI32.dll
0x00007ffe039f0000 - 0x00007ffe03a97000 	C:\WINDOWS\System32\msvcrt.dll
0x00007ffe03350000 - 0x00007ffe033f8000 	C:\WINDOWS\System32\sechost.dll
0x00007ffe02070000 - 0x00007ffe02098000 	C:\WINDOWS\System32\bcrypt.dll
0x00007ffe03530000 - 0x00007ffe03647000 	C:\WINDOWS\System32\RPCRT4.dll
0x00007ffe02770000 - 0x00007ffe0291e000 	C:\WINDOWS\System32\USER32.dll
0x00007ffe02350000 - 0x00007ffe02376000 	C:\WINDOWS\System32\win32u.dll
0x00007ffe03b80000 - 0x00007ffe03ba9000 	C:\WINDOWS\System32\GDI32.dll
0x00007ffe02380000 - 0x00007ffe02498000 	C:\WINDOWS\System32\gdi32full.dll
0x00007ffe01fd0000 - 0x00007ffe0206a000 	C:\WINDOWS\System32\msvcp_win.dll
0x00007ffde0e70000 - 0x00007ffde1103000 	C:\WINDOWS\WinSxS\amd64_microsoft.windows.common-controls_6595b64144ccf1df_6.0.22621.2506_none_270c5ae97388e100\COMCTL32.dll
0x00007ffdfad90000 - 0x00007ffdfad9a000 	C:\WINDOWS\SYSTEM32\VERSION.dll
0x00007ffe03310000 - 0x00007ffe03341000 	C:\WINDOWS\System32\IMM32.DLL
0x00007ffdf6b00000 - 0x00007ffdf6b0c000 	C:\Program Files\Java\jdk-16.0.2\bin\vcruntime140_1.dll
0x00007ffddb1d0000 - 0x00007ffddb261000 	C:\Program Files\Java\jdk-16.0.2\bin\msvcp140.dll
0x00007ffdabb60000 - 0x00007ffdac70b000 	C:\Program Files\Java\jdk-16.0.2\bin\server\jvm.dll
0x00007ffe02660000 - 0x00007ffe02668000 	C:\WINDOWS\System32\PSAPI.DLL
0x00007ffdf6ac0000 - 0x00007ffdf6ac9000 	C:\WINDOWS\SYSTEM32\WSOCK32.dll
0x00007ffe02920000 - 0x00007ffe02991000 	C:\WINDOWS\System32\WS2_32.dll
0x00007ffdfb240000 - 0x00007ffdfb274000 	C:\WINDOWS\SYSTEM32\WINMM.dll
0x00007ffe00a80000 - 0x00007ffe00a98000 	C:\WINDOWS\SYSTEM32\kernel.appcore.dll
0x00007ffdf3260000 - 0x00007ffdf326a000 	C:\Program Files\Java\jdk-16.0.2\bin\jimage.dll
0x00007ffdff370000 - 0x00007ffdff5a3000 	C:\WINDOWS\SYSTEM32\DBGHELP.DLL
0x00007ffe03650000 - 0x00007ffe039d9000 	C:\WINDOWS\System32\combase.dll
0x00007ffe03400000 - 0x00007ffe034d7000 	C:\WINDOWS\System32\OLEAUT32.dll
0x00007ffdeacd0000 - 0x00007ffdead02000 	C:\WINDOWS\SYSTEM32\dbgcore.DLL
0x00007ffe022d0000 - 0x00007ffe0234a000 	C:\WINDOWS\System32\bcryptPrimitives.dll
0x00007ffdfca10000 - 0x00007ffdfca1e000 	C:\Program Files\Java\jdk-16.0.2\bin\instrument.dll
0x00007ffddb1a0000 - 0x00007ffddb1c5000 	C:\Program Files\Java\jdk-16.0.2\bin\java.dll
0x00007ffe03e50000 - 0x00007ffe046aa000 	C:\WINDOWS\System32\SHELL32.dll
0x00007ffdff8a0000 - 0x00007ffe00196000 	C:\WINDOWS\SYSTEM32\windows.storage.dll
0x00007ffdff760000 - 0x00007ffdff89e000 	C:\WINDOWS\SYSTEM32\wintypes.dll
0x00007ffe03cc0000 - 0x00007ffe03db3000 	C:\WINDOWS\System32\SHCORE.dll
0x00007ffe046b0000 - 0x00007ffe0470e000 	C:\WINDOWS\System32\shlwapi.dll
0x00007ffe019c0000 - 0x00007ffe019e6000 	C:\WINDOWS\SYSTEM32\profapi.dll
0x00007ffddd120000 - 0x00007ffddd138000 	C:\Program Files\Java\jdk-16.0.2\bin\zip.dll
0x00007ffddf1b0000 - 0x00007ffddf1c9000 	C:\Program Files\Java\jdk-16.0.2\bin\net.dll
0x00007ffdfa8b0000 - 0x00007ffdfa9e7000 	C:\WINDOWS\SYSTEM32\WINHTTP.dll
0x00007ffe00ef0000 - 0x00007ffe00f59000 	C:\WINDOWS\system32\mswsock.dll
0x00007ffddeea0000 - 0x00007ffddeeb3000 	C:\Program Files\Java\jdk-16.0.2\bin\nio.dll
0x00007ffdfc0d0000 - 0x00007ffdfc0ea000 	C:\Program Files\JetBrains\IntelliJ IDEA Community Edition 2022.3.1\bin\breakgen64.dll
0x0000000069ac0000 - 0x0000000069ae4000 	C:\Users\jheyw\AppData\Local\Temp\jansi-2.4.0-e17118a1cd8449db-jansi.dll
0x00007ffdec660000 - 0x00007ffdec670000 	C:\Program Files\Java\jdk-16.0.2\bin\verify.dll

dbghelp: loaded successfully - version: 4.0.5 - missing functions: none
symbol engine: initialized successfully - sym options: 0x614 - pdb path: .;C:\Program Files\Java\jdk-16.0.2\bin;C:\WINDOWS\SYSTEM32;C:\WINDOWS\WinSxS\amd64_microsoft.windows.common-controls_6595b64144ccf1df_6.0.22621.2506_none_270c5ae97388e100;C:\Program Files\Java\jdk-16.0.2\bin\server;C:\Program Files\JetBrains\IntelliJ IDEA Community Edition 2022.3.1\bin;C:\Users\jheyw\AppData\Local\Temp

VM Arguments:
jvm_args: -Dmaven.multiModuleProjectDirectory=C:\Users\jheyw\OneDrive\Documentos\CorreccionesProyectoDeGrado\backend\APIAppDialisis -Djansi.passthrough=true -Dmaven.home=C:\Users\jheyw\.m2\wrapper\dists\apache-maven-3.8.6-bin\1ks0nkde5v1pk9vtc31i9d0lcd\apache-maven-3.8.6 -Dclassworlds.conf=C:\Users\jheyw\.m2\wrapper\dists\apache-maven-3.8.6-bin\1ks0nkde5v1pk9vtc31i9d0lcd\apache-maven-3.8.6\bin\m2.conf -Dmaven.ext.class.path=C:\Program Files\JetBrains\IntelliJ IDEA Community Edition 2022.3.1\plugins\maven\lib\maven-event-listener.jar -javaagent:C:\Program Files\JetBrains\IntelliJ IDEA Community Edition 2022.3.1\lib\idea_rt.jar=63782:C:\Program Files\JetBrains\IntelliJ IDEA Community Edition 2022.3.1\bin -Dfile.encoding=UTF-8 
java_command: org.codehaus.classworlds.Launcher -Didea.version=2022.3.1 org.springframework.boot:spring-boot-maven-plugin:2.5.8:run
java_class_path (initial): C:\Users\jheyw\.m2\wrapper\dists\apache-maven-3.8.6-bin\1ks0nkde5v1pk9vtc31i9d0lcd\apache-maven-3.8.6\boot\plexus-classworlds-2.6.0.jar;C:\Users\jheyw\.m2\wrapper\dists\apache-maven-3.8.6-bin\1ks0nkde5v1pk9vtc31i9d0lcd\apache-maven-3.8.6\boot\plexus-classworlds.license
Launcher Type: SUN_STANDARD

[Global flags]
     intx CICompilerCount                          = 3                                         {product} {ergonomic}
     uint ConcGCThreads                            = 1                                         {product} {ergonomic}
     uint G1ConcRefinementThreads                  = 4                                         {product} {ergonomic}
   size_t G1HeapRegionSize                         = 2097152                                   {product} {ergonomic}
    uintx GCDrainStackTargetSize                   = 64                                        {product} {ergonomic}
   size_t InitialHeapSize                          = 199229440                                 {product} {ergonomic}
   size_t MarkStackSize                            = 4194304                                   {product} {ergonomic}
   size_t MaxHeapSize                              = 3168796672                                {product} {ergonomic}
   size_t MaxNewSize                               = 1900019712                                {product} {ergonomic}
   size_t MinHeapDeltaBytes                        = 2097152                                   {product} {ergonomic}
   size_t MinHeapSize                              = 8388608                                   {product} {ergonomic}
    uintx NonNMethodCodeHeapSize                   = 5832780                                {pd product} {ergonomic}
    uintx NonProfiledCodeHeapSize                  = 122912730                              {pd product} {ergonomic}
    uintx ProfiledCodeHeapSize                     = 122912730                              {pd product} {ergonomic}
    uintx ReservedCodeCacheSize                    = 251658240                              {pd product} {ergonomic}
     bool SegmentedCodeCache                       = true                                      {product} {ergonomic}
   size_t SoftMaxHeapSize                          = 3168796672                             {manageable} {ergonomic}
     bool UseCompressedClassPointers               = true                           {product lp64_product} {ergonomic}
     bool UseCompressedOops                        = true                           {product lp64_product} {ergonomic}
     bool UseG1GC                                  = true                                      {product} {ergonomic}
     bool UseLargePagesIndividualAllocation        = false                                  {pd product} {ergonomic}

Logging:
Log output configuration:
 #0: stdout all=warning uptime,level,tags
 #1: stderr all=off uptime,level,tags

Environment Variables:
PATH=C:\Python311\Scripts\;C:\Python311\;C:\Program Files\Common Files\Oracle\Java\javapath;C:\SonarQube\sonar-scanner-4.7.0.2747-windows\bin;C:\ProgramData\Oracle\Java\javapath;C:\WINDOWS\system32;C:\WINDOWS;C:\WINDOWS\System32\Wbem;C:\WINDOWS\System32\WindowsPowerShell\v1.0\;C:\WINDOWS\System32\OpenSSH\;C:\Program Files\Git\cmd;C:\ProgramData\chocolatey\bin;C:\xampp\php;C:\composer;C:\Program Files\nodejs\;C:\Program Files\MySQL\MySQL Server 8.0\bin;C:\Program Files\Docker\Docker\resources\bin;C:\apache-maven-3.9.4\bin;;C:\Program Files\Git LFS;C:\SonarQube\sonar-scanner-4.7.0.2747-windows\bin;C:\Users\jheyw\AppData\Local\Microsoft\WindowsApps;C:\Users\jheyw\AppData\Local\Programs\Microsoft VS Code\bin;C:\Users\jheyw\AppData\Roaming\npm;%USERPROFILE%\AppData\Local\Microsoft\WindowsApps;
USERNAME=jheyw
OS=Windows_NT
PROCESSOR_IDENTIFIER=Intel64 Family 6 Model 126 Stepping 5, GenuineIntel



---------------  S Y S T E M  ---------------

OS:
 Windows 10 , 64 bit Build 22621 (10.0.22621.2506)
OS uptime: 2 days 21:18 hours
Hyper-V role detected

CPU: total 4 (initial active 4) (2 cores per cpu, 2 threads per core) family 6 model 126 stepping 5 microcode 0x86, cx8, cmov, fxsr, ht, mmx, 3dnowpref, sse, sse2, sse3, ssse3, sse4.1, sse4.2, popcnt, lzcnt, tsc, tscinvbit, avx, avx2, aes, erms, clmul, bmi1, bmi2, adx, avx512f, avx512dq, avx512cd, avx512bw, avx512vl, sha, fma, vzeroupper, avx512_vpopcntdq, avx512_vpclmulqdq, avx512_vaes, avx512_vnni, clflush, clflushopt, avx512_vmbi2, avx512_vmbi, hv

Memory: 4k page, system-wide physical 12083M (798M free)
TotalPageFile size 20275M (AvailPageFile size 5M)
current process WorkingSet (physical memory assigned to process): 108M, peak: 108M
current process commit charge ("private bytes"): 297M, peak: 297M

vm_info: Java HotSpot(TM) 64-Bit Server VM (16.0.2+7-67) for windows-amd64 JRE (16.0.2+7-67), built on Jun  8 2021 23:24:19 by "mach5one" with MS VC++ 16.7 (VS2019)

END.
