#
# There is insufficient memory for the Java Runtime Environment to continue.
# Native memory allocation (mmap) failed to map 199229440 bytes for G1 virtual space
# Possible reasons:
#   The system is out of physical RAM or swap space
#   The process is running with CompressedOops enabled, and the Java Heap may be blocking the growth of the native heap
# Possible solutions:
#   Reduce memory load on the system
#   Increase physical memory or swap space
#   Check if swap backing store is full
#   Decrease Java heap size (-Xmx/-Xms)
#   Decrease number of Java threads
#   Decrease Java thread stack sizes (-Xss)
#   Set larger code cache with -XX:ReservedCodeCacheSize=
#   JVM is running with Zero Based Compressed Oops mode in which the Java heap is
#     placed in the first 32GB address space. The Java Heap base address is the
#     maximum limit for the native heap growth. Please use -XX:HeapBaseMinAddress
#     to set the Java Heap base and to place the Java Heap above 32GB virtual address.
# This output file may be truncated or incomplete.
#
#  Out of Memory Error (os_windows.cpp:3466), pid=21252, tid=13148
#
# JRE version:  (16.0.2+7) (build )
# Java VM: Java HotSpot(TM) 64-Bit Server VM (16.0.2+7-67, mixed mode, sharing, tiered, compressed oops, compressed class ptrs, g1 gc, windows-amd64)
# No core dump will be written. Minidumps are not enabled by default on client versions of Windows
#

---------------  S U M M A R Y ------------

Command Line: -XX:TieredStopAtLevel=1 com.dialisis.dialisisperitoneal.DialisisPeritonealApplication

Host: Intel(R) Core(TM) i3-1005G1 CPU @ 1.20GHz, 4 cores, 11G,  Windows 10 , 64 bit Build 22621 (10.0.22621.2506)
Time: Tue Feb  6 16:24:16 2024 Hora est. Pacífico, Sudamérica elapsed time: 0.132336 seconds (0d 0h 0m 0s)

---------------  T H R E A D  ---------------

Current thread (0x000002cecb85afd0):  JavaThread "Unknown thread" [_thread_in_vm, id=13148, stack(0x000000fc51e00000,0x000000fc51f00000)]

Stack: [0x000000fc51e00000,0x000000fc51f00000]
Native frames: (J=compiled Java code, j=interpreted, Vv=VM code, C=native code)
V  [jvm.dll+0x6681ca]
V  [jvm.dll+0x7c9e69]
V  [jvm.dll+0x7cb61e]
V  [jvm.dll+0x7cbc73]
V  [jvm.dll+0x242c55]
V  [jvm.dll+0x664f89]
V  [jvm.dll+0x659b75]
V  [jvm.dll+0x2fbfbb]
V  [jvm.dll+0x3031b6]
V  [jvm.dll+0x35299e]
V  [jvm.dll+0x352bcf]
V  [jvm.dll+0x2d3028]
V  [jvm.dll+0x2d4264]
V  [jvm.dll+0x79c741]
V  [jvm.dll+0x360791]
V  [jvm.dll+0x77a3f0]
V  [jvm.dll+0x3e4e8f]
V  [jvm.dll+0x3e6961]
C  [jli.dll+0x52fb]
C  [ucrtbase.dll+0x29363]
C  [KERNEL32.DLL+0x1257d]
C  [ntdll.dll+0x5aa58]


---------------  P R O C E S S  ---------------

Threads class SMR info:
_java_thread_list=0x00007ffdac66cbb8, length=0, elements={
}

Java Threads: ( => current thread )

Other Threads:
  0x000002cecb89d7f0 GCTaskThread "GC Thread#0" [stack: 0x000000fc51f00000,0x000000fc52000000] [id=20820]
  0x000002cecb8aa600 ConcurrentGCThread "G1 Main Marker" [stack: 0x000000fc52000000,0x000000fc52100000] [id=13472]
  0x000002cecb8ab890 ConcurrentGCThread "G1 Conc#0" [stack: 0x000000fc52100000,0x000000fc52200000] [id=15592]

[error occurred during error reporting (printing all threads), id 0xc0000005, EXCEPTION_ACCESS_VIOLATION (0xc0000005) at pc=0x00007ffdabe43ee7]

VM state: not at safepoint (not fully initialized)

VM Mutex/Monitor currently owned by a thread:  ([mutex/lock_event])
[0x000002cecb858790] Heap_lock - owner thread: 0x000002cecb85afd0

Heap address: 0x0000000743200000, size: 3022 MB, Compressed Oops mode: Zero based, Oop shift amount: 3

CDS archive(s) mapped at: [0x0000000000000000-0x0000000000000000-0x0000000000000000), size 0, SharedBaseAddress: 0x0000000800000000, ArchiveRelocationMode: 0.
Narrow klass base: 0x0000000000000000, Narrow klass shift: 0, Narrow klass range: 0x0

GC Precious Log:
<Empty>

Heap:
 garbage-first heap   total 0K, used 0K [0x0000000743200000, 0x0000000800000000)
  region size 2048K, 0 young (0K), 0 survivors (0K)

[error occurred during error reporting (printing heap information), id 0xc0000005, EXCEPTION_ACCESS_VIOLATION (0xc0000005) at pc=0x00007ffdac221eed]

GC Heap History (0 events):
No events

Deoptimization events (0 events):
No events

Classes unloaded (0 events):
No events

Classes redefined (0 events):
No events

Internal exceptions (0 events):
No events

Events (1 events):
Event: 0.025 Loaded shared library C:\Program Files\Java\jdk-16.0.2\bin\java.dll


Dynamic libraries:
0x00007ff669600000 - 0x00007ff669610000 	C:\Program Files\Java\jdk-16.0.2\bin\java.exe
0x00007ffe04750000 - 0x00007ffe04967000 	C:\WINDOWS\SYSTEM32\ntdll.dll
0x00007ffe03ab0000 - 0x00007ffe03b74000 	C:\WINDOWS\System32\KERNEL32.DLL
0x00007ffe01c20000 - 0x00007ffe01fc6000 	C:\WINDOWS\System32\KERNELBASE.dll
0x00007ffe01a90000 - 0x00007ffe01ba1000 	C:\WINDOWS\System32\ucrtbase.dll
0x00007ffdf3310000 - 0x00007ffdf3328000 	C:\Program Files\Java\jdk-16.0.2\bin\jli.dll
0x00007ffde3ef0000 - 0x00007ffde3f09000 	C:\Program Files\Java\jdk-16.0.2\bin\VCRUNTIME140.dll
0x00007ffe02fe0000 - 0x00007ffe03093000 	C:\WINDOWS\System32\ADVAPI32.dll
0x00007ffe039f0000 - 0x00007ffe03a97000 	C:\WINDOWS\System32\msvcrt.dll
0x00007ffe03350000 - 0x00007ffe033f8000 	C:\WINDOWS\System32\sechost.dll
0x00007ffe02070000 - 0x00007ffe02098000 	C:\WINDOWS\System32\bcrypt.dll
0x00007ffe03530000 - 0x00007ffe03647000 	C:\WINDOWS\System32\RPCRT4.dll
0x00007ffe02770000 - 0x00007ffe0291e000 	C:\WINDOWS\System32\USER32.dll
0x00007ffe02350000 - 0x00007ffe02376000 	C:\WINDOWS\System32\win32u.dll
0x00007ffe03b80000 - 0x00007ffe03ba9000 	C:\WINDOWS\System32\GDI32.dll
0x00007ffe02380000 - 0x00007ffe02498000 	C:\WINDOWS\System32\gdi32full.dll
0x00007ffe01fd0000 - 0x00007ffe0206a000 	C:\WINDOWS\System32\msvcp_win.dll
0x00007ffde0e70000 - 0x00007ffde1103000 	C:\WINDOWS\WinSxS\amd64_microsoft.windows.common-controls_6595b64144ccf1df_6.0.22621.2506_none_270c5ae97388e100\COMCTL32.dll
0x00007ffdfad90000 - 0x00007ffdfad9a000 	C:\WINDOWS\SYSTEM32\VERSION.dll
0x00007ffe03310000 - 0x00007ffe03341000 	C:\WINDOWS\System32\IMM32.DLL
0x00007ffdf6b00000 - 0x00007ffdf6b0c000 	C:\Program Files\Java\jdk-16.0.2\bin\vcruntime140_1.dll
0x00007ffddb1d0000 - 0x00007ffddb261000 	C:\Program Files\Java\jdk-16.0.2\bin\msvcp140.dll
0x00007ffdabb60000 - 0x00007ffdac70b000 	C:\Program Files\Java\jdk-16.0.2\bin\server\jvm.dll
0x00007ffe02660000 - 0x00007ffe02668000 	C:\WINDOWS\System32\PSAPI.DLL
0x00007ffdf6ac0000 - 0x00007ffdf6ac9000 	C:\WINDOWS\SYSTEM32\WSOCK32.dll
0x00007ffe02920000 - 0x00007ffe02991000 	C:\WINDOWS\System32\WS2_32.dll
0x00007ffdfb240000 - 0x00007ffdfb274000 	C:\WINDOWS\SYSTEM32\WINMM.dll
0x00007ffe00a80000 - 0x00007ffe00a98000 	C:\WINDOWS\SYSTEM32\kernel.appcore.dll
0x00007ffdf3260000 - 0x00007ffdf326a000 	C:\Program Files\Java\jdk-16.0.2\bin\jimage.dll
0x00007ffdff370000 - 0x00007ffdff5a3000 	C:\WINDOWS\SYSTEM32\DBGHELP.DLL
0x00007ffe03650000 - 0x00007ffe039d9000 	C:\WINDOWS\System32\combase.dll
0x00007ffe03400000 - 0x00007ffe034d7000 	C:\WINDOWS\System32\OLEAUT32.dll
0x00007ffdeacd0000 - 0x00007ffdead02000 	C:\WINDOWS\SYSTEM32\dbgcore.DLL
0x00007ffe022d0000 - 0x00007ffe0234a000 	C:\WINDOWS\System32\bcryptPrimitives.dll
0x00007ffddb1a0000 - 0x00007ffddb1c5000 	C:\Program Files\Java\jdk-16.0.2\bin\java.dll

dbghelp: loaded successfully - version: 4.0.5 - missing functions: none
symbol engine: initialized successfully - sym options: 0x614 - pdb path: .;C:\Program Files\Java\jdk-16.0.2\bin;C:\WINDOWS\SYSTEM32;C:\WINDOWS\WinSxS\amd64_microsoft.windows.common-controls_6595b64144ccf1df_6.0.22621.2506_none_270c5ae97388e100;C:\Program Files\Java\jdk-16.0.2\bin\server

VM Arguments:
jvm_args: -XX:TieredStopAtLevel=1 
java_command: com.dialisis.dialisisperitoneal.DialisisPeritonealApplication
java_class_path (initial): C:\Users\jheyw\OneDrive\Documentos\CorreccionesProyectoDeGrado\backend\APIAppDialisis\target\classes;C:\Users\jheyw\.m2\repository\org\aspectj\aspectjweaver\1.9.7\aspectjweaver-1.9.7.jar;C:\Users\jheyw\.m2\repository\jakarta\transaction\jakarta.transaction-api\1.3.3\jakarta.transaction-api-1.3.3.jar;C:\Users\jheyw\.m2\repository\jakarta\persistence\jakarta.persistence-api\2.2.3\jakarta.persistence-api-2.2.3.jar;C:\Users\jheyw\.m2\repository\org\hibernate\hibernate-core\5.4.33\hibernate-core-5.4.33.jar;C:\Users\jheyw\.m2\repository\org\javassist\javassist\3.27.0-GA\javassist-3.27.0-GA.jar;C:\Users\jheyw\.m2\repository\net\bytebuddy\byte-buddy\1.10.22\byte-buddy-1.10.22.jar;C:\Users\jheyw\.m2\repository\antlr\antlr\2.7.7\antlr-2.7.7.jar;C:\Users\jheyw\.m2\repository\org\jboss\jandex\2.2.3.Final\jandex-2.2.3.Final.jar;C:\Users\jheyw\.m2\repository\org\dom4j\dom4j\2.1.3\dom4j-2.1.3.jar;C:\Users\jheyw\.m2\repository\org\hibernate\common\hibernate-commons-annotations\5.1.2.Final\hibernate-commons-annotations-5.1.2.Final.jar;C:\Users\jheyw\.m2\repository\org\glassfish\jaxb\jaxb-runtime\2.3.5\jaxb-runtime-2.3.5.jar;C:\Users\jheyw\.m2\repository\org\glassfish\jaxb\txw2\2.3.5\txw2-2.3.5.jar;C:\Users\jheyw\.m2\repository\com\sun\istack\istack-commons-runtime\3.0.12\istack-commons-runtime-3.0.12.jar;C:\Users\jheyw\.m2\repository\com\sun\activation\jakarta.activation\1.2.2\jakarta.activation-1.2.2.jar;C:\Users\jheyw\.m2\repository\org\springframework\data\spring-data-jpa\2.5.7\spring-data-jpa-2.5.7.jar;C:\Users\jheyw\.m2\repository\org\springframework\data\spring-data-commons\2.5.7\spring-data-commons-2.5.7.jar;C:\Users\jheyw\.m2\repository\org\springframework\spring-orm\5.3.14\spring-orm-5.3.14.jar;C:\Users\jheyw\.m2\repository\org\springframework\spring-context\5.3.14\spring-context-5.3.14.jar;C:\Users\jheyw\.m2\repository\org\springframework\spring-tx\5.3.14\spring-tx-5.3.14.jar;C:\Users\jheyw\.m2\repository\org\springframework\spring-beans\5.3.14
Launcher Type: SUN_STANDARD

[Global flags]
     intx CICompilerCount                          = 3                                         {product} {ergonomic}
     uint ConcGCThreads                            = 1                                         {product} {ergonomic}
     uint G1ConcRefinementThreads                  = 4                                         {product} {ergonomic}
   size_t G1HeapRegionSize                         = 2097152                                   {product} {ergonomic}
    uintx GCDrainStackTargetSize                   = 64                                        {product} {ergonomic}
   size_t InitialHeapSize                          = 199229440                                 {product} {ergonomic}
   size_t MarkStackSize                            = 4194304                                   {product} {ergonomic}
   size_t MaxHeapSize                              = 3168796672                                {product} {ergonomic}
   size_t MinHeapDeltaBytes                        = 2097152                                   {product} {ergonomic}
   size_t MinHeapSize                              = 8388608                                   {product} {ergonomic}
    uintx NonNMethodCodeHeapSize                   = 6973028                                {pd product} {ergonomic}
    uintx NonProfiledCodeHeapSize                  = 244685212                              {pd product} {ergonomic}
    uintx ProfiledCodeHeapSize                     = 0                                      {pd product} {ergonomic}
    uintx ReservedCodeCacheSize                    = 251658240                              {pd product} {ergonomic}
     bool SegmentedCodeCache                       = true                                      {product} {ergonomic}
   size_t SoftMaxHeapSize                          = 3168796672                             {manageable} {ergonomic}
     intx TieredStopAtLevel                        = 1                                         {product} {command line}
     bool UseCompressedClassPointers               = true                           {product lp64_product} {ergonomic}
     bool UseCompressedOops                        = true                           {product lp64_product} {ergonomic}
     bool UseG1GC                                  = true                                      {product} {ergonomic}
     bool UseLargePagesIndividualAllocation        = false                                  {pd product} {ergonomic}

Logging:
Log output configuration:
 #0: stdout all=warning uptime,level,tags
 #1: stderr all=off uptime,level,tags

Environment Variables:
PATH=C:\Python311\Scripts\;C:\Python311\;C:\Program Files\Common Files\Oracle\Java\javapath;C:\SonarQube\sonar-scanner-4.7.0.2747-windows\bin;C:\ProgramData\Oracle\Java\javapath;C:\WINDOWS\system32;C:\WINDOWS;C:\WINDOWS\System32\Wbem;C:\WINDOWS\System32\WindowsPowerShell\v1.0\;C:\WINDOWS\System32\OpenSSH\;C:\Program Files\Git\cmd;C:\ProgramData\chocolatey\bin;C:\xampp\php;C:\composer;C:\Program Files\nodejs\;C:\Program Files\MySQL\MySQL Server 8.0\bin;C:\Program Files\Docker\Docker\resources\bin;C:\apache-maven-3.9.4\bin;;C:\Program Files\Git LFS;C:\SonarQube\sonar-scanner-4.7.0.2747-windows\bin;C:\Users\jheyw\AppData\Local\Microsoft\WindowsApps;C:\Users\jheyw\AppData\Local\Programs\Microsoft VS Code\bin;C:\Users\jheyw\AppData\Roaming\npm;%USERPROFILE%\AppData\Local\Microsoft\WindowsApps;
USERNAME=jheyw
OS=Windows_NT
PROCESSOR_IDENTIFIER=Intel64 Family 6 Model 126 Stepping 5, GenuineIntel



---------------  S Y S T E M  ---------------

OS:
 Windows 10 , 64 bit Build 22621 (10.0.22621.2506)
OS uptime: 2 days 21:14 hours
Hyper-V role detected

CPU: total 4 (initial active 4) (2 cores per cpu, 2 threads per core) family 6 model 126 stepping 5 microcode 0x86, cx8, cmov, fxsr, ht, mmx, 3dnowpref, sse, sse2, sse3, ssse3, sse4.1, sse4.2, popcnt, lzcnt, tsc, tscinvbit, avx, avx2, aes, erms, clmul, bmi1, bmi2, adx, avx512f, avx512dq, avx512cd, avx512bw, avx512vl, sha, fma, vzeroupper, avx512_vpopcntdq, avx512_vpclmulqdq, avx512_vaes, avx512_vnni, clflush, clflushopt, avx512_vmbi2, avx512_vmbi, hv

Memory: 4k page, system-wide physical 12083M (832M free)
TotalPageFile size 20275M (AvailPageFile size 141M)
current process WorkingSet (physical memory assigned to process): 11M, peak: 11M
current process commit charge ("private bytes"): 49M, peak: 239M

vm_info: Java HotSpot(TM) 64-Bit Server VM (16.0.2+7-67) for windows-amd64 JRE (16.0.2+7-67), built on Jun  8 2021 23:24:19 by "mach5one" with MS VC++ 16.7 (VS2019)

END.
